Data saved successfully to eph.csv
Top keywords saved to top_keywords.txt
Informed decisions saved to informed_decisions.txt
Popular products saved successfully to popular_products.csv
Data saved successfully to eph.csv
Top keywords saved to top_keywords.txt
Informed decisions saved to informed_decisions.txt
Popular products saved successfully to popular_products.csv
Link file generated: file_links.html
Data saved successfully to eph.csv
Top keywords saved to top_keywords.txt
Informed decisions saved to informed_decisions.txt
Popular products saved successfully to popular_products.csv
Product links file generated: product_links.html
Data saved successfully to eph.csv
Top keywords saved to top_keywords.txt
Informed decisions saved to informed_decisions.txt
Popular products saved successfully to popular_products.csv
Data saved successfully to eph.csv
Top keywords saved to top_keywords.txt
Informed decisions saved to informed_decisions.txt
Popular products saved successfully to popular_products.csv
Data saved successfully to eph.csv
Top keywords saved to top_keywords.txt
Informed decisions saved to informed_decisions.txt
Popular products saved successfully to popular_products.csv
